2025-06-03T16:18:29.361+05:30  INFO 13120 --- [orderservice] [restartedMain] c.e.o.OrderserviceApplication            : Starting OrderserviceApplication using Java 22.0.1 with PID 13120 (C:\Project\E-Commerce\orderservice\target\classes started by Mohan Raj S in C:\Project\E-Commerce)
2025-06-03T16:18:29.365+05:30 DEBUG 13120 --- [orderservice] [restartedMain] c.e.o.OrderserviceApplication            : Running with Spring Boot v3.5.0, Spring v6.2.7
2025-06-03T16:18:29.366+05:30  INFO 13120 --- [orderservice] [restartedMain] c.e.o.OrderserviceApplication            : No active profile set, falling back to 1 default profile: "default"
2025-06-03T16:18:29.436+05:30  INFO 13120 --- [orderservice] [restartedMain] .e.DevToolsPropertyDefaultsPostProcessor : Devtools property defaults active! Set 'spring.devtools.add-properties' to 'false' to disable
2025-06-03T16:18:29.436+05:30  INFO 13120 --- [orderservice] [restartedMain] .e.DevToolsPropertyDefaultsPostProcessor : For additional web related logging consider setting the 'logging.level.web' property to 'DEBUG'
2025-06-03T16:18:30.328+05:30  INFO 13120 --- [orderservice] [restartedMain] .s.d.r.c.RepositoryConfigurationDelegate : Bootstrapping Spring Data JPA repositories in DEFAULT mode.
2025-06-03T16:18:30.436+05:30  INFO 13120 --- [orderservice] [restartedMain] .s.d.r.c.RepositoryConfigurationDelegate : Finished Spring Data repository scanning in 93 ms. Found 1 JPA repository interface.
2025-06-03T16:18:31.191+05:30  INFO 13120 --- [orderservice] [restartedMain] o.s.b.w.embedded.tomcat.TomcatWebServer  : Tomcat initialized with port 8080 (http)
2025-06-03T16:18:31.208+05:30  INFO 13120 --- [orderservice] [restartedMain] o.apache.catalina.core.StandardService   : Starting service [Tomcat]
2025-06-03T16:18:31.209+05:30  INFO 13120 --- [orderservice] [restartedMain] o.apache.catalina.core.StandardEngine    : Starting Servlet engine: [Apache Tomcat/10.1.41]
2025-06-03T16:18:31.255+05:30  INFO 13120 --- [orderservice] [restartedMain] o.a.c.c.C.[Tomcat].[localhost].[/]       : Initializing Spring embedded WebApplicationContext
2025-06-03T16:18:31.255+05:30  INFO 13120 --- [orderservice] [restartedMain] w.s.c.ServletWebServerApplicationContext : Root WebApplicationContext: initialization completed in 1818 ms
2025-06-03T16:18:31.475+05:30  INFO 13120 --- [orderservice] [restartedMain] o.hibernate.jpa.internal.util.LogHelper  : HHH000204: Processing PersistenceUnitInfo [name: default]
2025-06-03T16:18:31.541+05:30  INFO 13120 --- [orderservice] [restartedMain] org.hibernate.Version                    : HHH000412: Hibernate ORM core version 6.6.15.Final
2025-06-03T16:18:31.584+05:30  INFO 13120 --- [orderservice] [restartedMain] o.h.c.internal.RegionFactoryInitiator    : HHH000026: Second-level cache disabled
2025-06-03T16:18:31.890+05:30  INFO 13120 --- [orderservice] [restartedMain] o.s.o.j.p.SpringPersistenceUnitInfo      : No LoadTimeWeaver setup: ignoring JPA class transformer
2025-06-03T16:18:31.923+05:30  INFO 13120 --- [orderservice] [restartedMain] com.zaxxer.hikari.HikariDataSource       : HikariPool-1 - Starting...
2025-06-03T16:18:32.145+05:30  INFO 13120 --- [orderservice] [restartedMain] com.zaxxer.hikari.pool.HikariPool        : HikariPool-1 - Added connection org.postgresql.jdbc.PgConnection@490ea53c
2025-06-03T16:18:32.147+05:30  INFO 13120 --- [orderservice] [restartedMain] com.zaxxer.hikari.HikariDataSource       : HikariPool-1 - Start completed.
2025-06-03T16:18:32.185+05:30  WARN 13120 --- [orderservice] [restartedMain] org.hibernate.orm.deprecation            : HHH90000025: PostgreSQLDialect does not need to be specified explicitly using 'hibernate.dialect' (remove the property setting and it will be selected by default)
2025-06-03T16:18:32.206+05:30  INFO 13120 --- [orderservice] [restartedMain] org.hibernate.orm.connections.pooling    : HHH10001005: Database info:
	Database JDBC URL [Connecting through datasource 'HikariDataSource (HikariPool-1)']
	Database driver: undefined/unknown
	Database version: 17.4
	Autocommit mode: undefined/unknown
	Isolation level: undefined/unknown
	Minimum pool size: undefined/unknown
	Maximum pool size: undefined/unknown
2025-06-03T16:18:33.141+05:30  INFO 13120 --- [orderservice] [restartedMain] o.h.e.t.j.p.i.JtaPlatformInitiator       : HHH000489: No JTA platform available (set 'hibernate.transaction.jta.platform' to enable JTA platform integration)
2025-06-03T16:18:33.186+05:30  INFO 13120 --- [orderservice] [restartedMain] j.LocalContainerEntityManagerFactoryBean : Initialized JPA EntityManagerFactory for persistence unit 'default'
2025-06-03T16:18:33.637+05:30  WARN 13120 --- [orderservice] [restartedMain] JpaBaseConfiguration$JpaWebConfiguration : spring.jpa.open-in-view is enabled by default. Therefore, database queries may be performed during view rendering. Explicitly configure spring.jpa.open-in-view to disable this warning
2025-06-03T16:18:33.690+05:30  INFO 13120 --- [orderservice] [restartedMain] o.s.v.b.OptionalValidatorFactoryBean     : Failed to set up a Bean Validation provider: jakarta.validation.NoProviderFoundException: Unable to create a Configuration, because no Jakarta Bean Validation provider could be found. Add a provider like Hibernate Validator (RI) to your classpath.
2025-06-03T16:18:34.060+05:30  INFO 13120 --- [orderservice] [restartedMain] o.s.b.d.a.OptionalLiveReloadServer       : LiveReload server is running on port 35729
2025-06-03T16:18:34.095+05:30  INFO 13120 --- [orderservice] [restartedMain] o.s.b.w.embedded.tomcat.TomcatWebServer  : Tomcat started on port 8080 (http) with context path '/'
2025-06-03T16:18:34.105+05:30  INFO 13120 --- [orderservice] [restartedMain] c.e.o.OrderserviceApplication            : Started OrderserviceApplication in 5.421 seconds (process running for 5.918)
2025-06-03T16:19:07.445+05:30  INFO 13120 --- [orderservice] [http-nio-8080-exec-1] o.a.c.c.C.[Tomcat].[localhost].[/]       : Initializing Spring DispatcherServlet 'dispatcherServlet'
2025-06-03T16:19:07.446+05:30  INFO 13120 --- [orderservice] [http-nio-8080-exec-1] o.s.web.servlet.DispatcherServlet        : Initializing Servlet 'dispatcherServlet'
2025-06-03T16:19:07.447+05:30  INFO 13120 --- [orderservice] [http-nio-8080-exec-1] o.s.web.servlet.DispatcherServlet        : Completed initialization in 1 ms
2025-06-03T16:19:07.496+05:30  INFO 13120 --- [orderservice] [http-nio-8080-exec-1] c.e.o.service.impl.OrderServiceImpl      : Fetching all orders
2025-06-03T16:19:07.663+05:30  WARN 13120 --- [orderservice] [http-nio-8080-exec-1] c.e.o.service.impl.OrderServiceImpl      : No orders found
2025-06-03T16:19:07.756+05:30  WARN 13120 --- [orderservice] [http-nio-8080-exec-1] .m.m.a.ExceptionHandlerExceptionResolver : Resolved [java.lang.NullPointerException: No Orders Found]
2025-06-03T16:19:51.188+05:30  WARN 13120 --- [orderservice] [http-nio-8080-exec-4] .m.m.a.ExceptionHandlerExceptionResolver : Resolved [org.springframework.http.converter.HttpMessageNotReadableException: Required request body is missing: public org.springframework.http.ResponseEntity<com.ecommerce.orderservice.dto.response.OrderResponse> com.ecommerce.orderservice.controller.OrderController.createOrder(com.ecommerce.orderservice.dto.request.OrderRequest)]
2025-06-03T16:20:02.706+05:30  INFO 13120 --- [orderservice] [http-nio-8080-exec-8] c.e.o.service.impl.OrderServiceImpl      : Creating a new order for customer: 123e4567-e89b-12d3-a456-42661417400a
2025-06-03T16:20:02.768+05:30 DEBUG 13120 --- [orderservice] [http-nio-8080-exec-8] c.e.o.service.impl.OrderServiceImpl      : Order saved: 93d9b665-1cae-469c-b7ce-a32b36f087a7
2025-06-03T16:23:26.374+05:30  INFO 13120 --- [orderservice] [SpringApplicationShutdownHook] o.s.b.w.e.tomcat.GracefulShutdown        : Commencing graceful shutdown. Waiting for active requests to complete
2025-06-03T16:23:26.379+05:30  INFO 13120 --- [orderservice] [tomcat-shutdown] o.s.b.w.e.tomcat.GracefulShutdown        : Graceful shutdown complete
2025-06-03T16:23:26.383+05:30  INFO 13120 --- [orderservice] [SpringApplicationShutdownHook] j.LocalContainerEntityManagerFactoryBean : Closing JPA EntityManagerFactory for persistence unit 'default'
2025-06-03T16:23:26.387+05:30  INFO 13120 --- [orderservice] [SpringApplicationShutdownHook] com.zaxxer.hikari.HikariDataSource       : HikariPool-1 - Shutdown initiated...
2025-06-03T16:23:26.390+05:30  INFO 13120 --- [orderservice] [SpringApplicationShutdownHook] com.zaxxer.hikari.HikariDataSource       : HikariPool-1 - Shutdown completed.
2025-06-03T16:23:35.675+05:30  INFO 2568 --- [orderservice] [restartedMain] c.e.o.OrderserviceApplication            : Starting OrderserviceApplication using Java 22.0.1 with PID 2568 (C:\Project\E-Commerce\orderservice\target\classes started by Mohan Raj S in C:\Project\E-Commerce)
2025-06-03T16:23:35.684+05:30 DEBUG 2568 --- [orderservice] [restartedMain] c.e.o.OrderserviceApplication            : Running with Spring Boot v3.5.0, Spring v6.2.7
2025-06-03T16:23:35.685+05:30  INFO 2568 --- [orderservice] [restartedMain] c.e.o.OrderserviceApplication            : No active profile set, falling back to 1 default profile: "default"
2025-06-03T16:23:40.180+05:30  INFO 2568 --- [orderservice] [restartedMain] c.e.o.OrderserviceApplication            : Started OrderserviceApplication in 5.18 seconds (process running for 5.687)
2025-06-03T16:24:03.859+05:30  INFO 2572 --- [orderservice] [restartedMain] c.e.o.OrderserviceApplication            : Starting OrderserviceApplication using Java 22.0.1 with PID 2572 (C:\Project\E-Commerce\orderservice\target\classes started by Mohan Raj S in C:\Project\E-Commerce)
2025-06-03T16:24:03.861+05:30 DEBUG 2572 --- [orderservice] [restartedMain] c.e.o.OrderserviceApplication            : Running with Spring Boot v3.5.0, Spring v6.2.7
2025-06-03T16:24:03.869+05:30  INFO 2572 --- [orderservice] [restartedMain] c.e.o.OrderserviceApplication            : No active profile set, falling back to 1 default profile: "default"
2025-06-03T16:24:08.393+05:30  INFO 2572 --- [orderservice] [restartedMain] c.e.o.OrderserviceApplication            : Started OrderserviceApplication in 5.218 seconds (process running for 5.738)
2025-06-03T16:25:02.808+05:30  INFO 5156 --- [orderservice] [restartedMain] c.e.o.OrderserviceApplication            : Starting OrderserviceApplication using Java 22.0.1 with PID 5156 (C:\Project\E-Commerce\orderservice\target\classes started by Mohan Raj S in C:\Project\E-Commerce)
2025-06-03T16:25:02.811+05:30 DEBUG 5156 --- [orderservice] [restartedMain] c.e.o.OrderserviceApplication            : Running with Spring Boot v3.5.0, Spring v6.2.7
2025-06-03T16:25:02.812+05:30  INFO 5156 --- [orderservice] [restartedMain] c.e.o.OrderserviceApplication            : No active profile set, falling back to 1 default profile: "default"
2025-06-03T16:25:02.883+05:30  INFO 5156 --- [orderservice] [restartedMain] .e.DevToolsPropertyDefaultsPostProcessor : Devtools property defaults active! Set 'spring.devtools.add-properties' to 'false' to disable
2025-06-03T16:25:02.884+05:30  INFO 5156 --- [orderservice] [restartedMain] .e.DevToolsPropertyDefaultsPostProcessor : For additional web related logging consider setting the 'logging.level.web' property to 'DEBUG'
2025-06-03T16:25:03.699+05:30  INFO 5156 --- [orderservice] [restartedMain] .s.d.r.c.RepositoryConfigurationDelegate : Bootstrapping Spring Data JPA repositories in DEFAULT mode.
2025-06-03T16:25:03.772+05:30  INFO 5156 --- [orderservice] [restartedMain] .s.d.r.c.RepositoryConfigurationDelegate : Finished Spring Data repository scanning in 61 ms. Found 1 JPA repository interface.
2025-06-03T16:25:04.436+05:30  INFO 5156 --- [orderservice] [restartedMain] o.s.b.w.embedded.tomcat.TomcatWebServer  : Tomcat initialized with port 8080 (http)
2025-06-03T16:25:04.458+05:30  INFO 5156 --- [orderservice] [restartedMain] o.apache.catalina.core.StandardService   : Starting service [Tomcat]
2025-06-03T16:25:04.459+05:30  INFO 5156 --- [orderservice] [restartedMain] o.apache.catalina.core.StandardEngine    : Starting Servlet engine: [Apache Tomcat/10.1.41]
2025-06-03T16:25:04.506+05:30  INFO 5156 --- [orderservice] [restartedMain] o.a.c.c.C.[Tomcat].[localhost].[/]       : Initializing Spring embedded WebApplicationContext
2025-06-03T16:25:04.506+05:30  INFO 5156 --- [orderservice] [restartedMain] w.s.c.ServletWebServerApplicationContext : Root WebApplicationContext: initialization completed in 1621 ms
2025-06-03T16:25:04.714+05:30  INFO 5156 --- [orderservice] [restartedMain] o.hibernate.jpa.internal.util.LogHelper  : HHH000204: Processing PersistenceUnitInfo [name: default]
2025-06-03T16:25:04.767+05:30  INFO 5156 --- [orderservice] [restartedMain] org.hibernate.Version                    : HHH000412: Hibernate ORM core version 6.6.15.Final
2025-06-03T16:25:04.801+05:30  INFO 5156 --- [orderservice] [restartedMain] o.h.c.internal.RegionFactoryInitiator    : HHH000026: Second-level cache disabled
2025-06-03T16:25:05.141+05:30  INFO 5156 --- [orderservice] [restartedMain] o.s.o.j.p.SpringPersistenceUnitInfo      : No LoadTimeWeaver setup: ignoring JPA class transformer
2025-06-03T16:25:05.180+05:30  INFO 5156 --- [orderservice] [restartedMain] com.zaxxer.hikari.HikariDataSource       : HikariPool-1 - Starting...
2025-06-03T16:25:05.397+05:30  INFO 5156 --- [orderservice] [restartedMain] com.zaxxer.hikari.pool.HikariPool        : HikariPool-1 - Added connection org.postgresql.jdbc.PgConnection@6a2eaa1d
2025-06-03T16:25:05.399+05:30  INFO 5156 --- [orderservice] [restartedMain] com.zaxxer.hikari.HikariDataSource       : HikariPool-1 - Start completed.
2025-06-03T16:25:05.440+05:30  WARN 5156 --- [orderservice] [restartedMain] org.hibernate.orm.deprecation            : HHH90000025: PostgreSQLDialect does not need to be specified explicitly using 'hibernate.dialect' (remove the property setting and it will be selected by default)
2025-06-03T16:25:05.459+05:30  INFO 5156 --- [orderservice] [restartedMain] org.hibernate.orm.connections.pooling    : HHH10001005: Database info:
	Database JDBC URL [Connecting through datasource 'HikariDataSource (HikariPool-1)']
	Database driver: undefined/unknown
	Database version: 17.4
	Autocommit mode: undefined/unknown
	Isolation level: undefined/unknown
	Minimum pool size: undefined/unknown
	Maximum pool size: undefined/unknown
2025-06-03T16:25:06.407+05:30  INFO 5156 --- [orderservice] [restartedMain] o.h.e.t.j.p.i.JtaPlatformInitiator       : HHH000489: No JTA platform available (set 'hibernate.transaction.jta.platform' to enable JTA platform integration)
2025-06-03T16:25:06.452+05:30  INFO 5156 --- [orderservice] [restartedMain] j.LocalContainerEntityManagerFactoryBean : Initialized JPA EntityManagerFactory for persistence unit 'default'
2025-06-03T16:25:06.918+05:30  WARN 5156 --- [orderservice] [restartedMain] JpaBaseConfiguration$JpaWebConfiguration : spring.jpa.open-in-view is enabled by default. Therefore, database queries may be performed during view rendering. Explicitly configure spring.jpa.open-in-view to disable this warning
2025-06-03T16:25:06.969+05:30  INFO 5156 --- [orderservice] [restartedMain] o.s.v.b.OptionalValidatorFactoryBean     : Failed to set up a Bean Validation provider: jakarta.validation.NoProviderFoundException: Unable to create a Configuration, because no Jakarta Bean Validation provider could be found. Add a provider like Hibernate Validator (RI) to your classpath.
2025-06-03T16:25:07.310+05:30  INFO 5156 --- [orderservice] [restartedMain] o.s.b.d.a.OptionalLiveReloadServer       : LiveReload server is running on port 35729
2025-06-03T16:25:07.343+05:30  INFO 5156 --- [orderservice] [restartedMain] o.s.b.w.embedded.tomcat.TomcatWebServer  : Tomcat started on port 8080 (http) with context path '/'
2025-06-03T16:25:07.353+05:30  INFO 5156 --- [orderservice] [restartedMain] c.e.o.OrderserviceApplication            : Started OrderserviceApplication in 5.252 seconds (process running for 5.773)
2025-06-03T16:25:27.301+05:30  INFO 5156 --- [orderservice] [SpringApplicationShutdownHook] o.s.b.w.e.tomcat.GracefulShutdown        : Commencing graceful shutdown. Waiting for active requests to complete
2025-06-03T16:25:27.305+05:30  INFO 5156 --- [orderservice] [tomcat-shutdown] o.s.b.w.e.tomcat.GracefulShutdown        : Graceful shutdown complete
2025-06-03T16:25:27.309+05:30  INFO 5156 --- [orderservice] [SpringApplicationShutdownHook] j.LocalContainerEntityManagerFactoryBean : Closing JPA EntityManagerFactory for persistence unit 'default'
2025-06-03T16:25:27.313+05:30  INFO 5156 --- [orderservice] [SpringApplicationShutdownHook] com.zaxxer.hikari.HikariDataSource       : HikariPool-1 - Shutdown initiated...
2025-06-03T16:25:27.316+05:30  INFO 5156 --- [orderservice] [SpringApplicationShutdownHook] com.zaxxer.hikari.HikariDataSource       : HikariPool-1 - Shutdown completed.
2025-06-03T16:29:09.627+05:30  INFO 15552 --- [orderservice] [restartedMain] c.e.o.OrderserviceApplication            : Starting OrderserviceApplication using Java 22.0.1 with PID 15552 (C:\Project\E-Commerce\orderservice\target\classes started by Mohan Raj S in C:\Project\E-Commerce)
2025-06-03T16:29:09.630+05:30 DEBUG 15552 --- [orderservice] [restartedMain] c.e.o.OrderserviceApplication            : Running with Spring Boot v3.5.0, Spring v6.2.7
2025-06-03T16:29:09.631+05:30  INFO 15552 --- [orderservice] [restartedMain] c.e.o.OrderserviceApplication            : No active profile set, falling back to 1 default profile: "default"
2025-06-03T16:29:09.703+05:30  INFO 15552 --- [orderservice] [restartedMain] .e.DevToolsPropertyDefaultsPostProcessor : Devtools property defaults active! Set 'spring.devtools.add-properties' to 'false' to disable
2025-06-03T16:29:09.703+05:30  INFO 15552 --- [orderservice] [restartedMain] .e.DevToolsPropertyDefaultsPostProcessor : For additional web related logging consider setting the 'logging.level.web' property to 'DEBUG'
2025-06-03T16:29:10.574+05:30  INFO 15552 --- [orderservice] [restartedMain] .s.d.r.c.RepositoryConfigurationDelegate : Bootstrapping Spring Data JPA repositories in DEFAULT mode.
2025-06-03T16:29:10.650+05:30  INFO 15552 --- [orderservice] [restartedMain] .s.d.r.c.RepositoryConfigurationDelegate : Finished Spring Data repository scanning in 65 ms. Found 1 JPA repository interface.
2025-06-03T16:29:11.315+05:30  INFO 15552 --- [orderservice] [restartedMain] o.s.b.w.embedded.tomcat.TomcatWebServer  : Tomcat initialized with port 8080 (http)
2025-06-03T16:29:11.336+05:30  INFO 15552 --- [orderservice] [restartedMain] o.apache.catalina.core.StandardService   : Starting service [Tomcat]
2025-06-03T16:29:11.337+05:30  INFO 15552 --- [orderservice] [restartedMain] o.apache.catalina.core.StandardEngine    : Starting Servlet engine: [Apache Tomcat/10.1.41]
2025-06-03T16:29:11.385+05:30  INFO 15552 --- [orderservice] [restartedMain] o.a.c.c.C.[Tomcat].[localhost].[/]       : Initializing Spring embedded WebApplicationContext
2025-06-03T16:29:11.385+05:30  INFO 15552 --- [orderservice] [restartedMain] w.s.c.ServletWebServerApplicationContext : Root WebApplicationContext: initialization completed in 1681 ms
2025-06-03T16:29:11.626+05:30  INFO 15552 --- [orderservice] [restartedMain] o.hibernate.jpa.internal.util.LogHelper  : HHH000204: Processing PersistenceUnitInfo [name: default]
2025-06-03T16:29:11.679+05:30  INFO 15552 --- [orderservice] [restartedMain] org.hibernate.Version                    : HHH000412: Hibernate ORM core version 6.6.15.Final
2025-06-03T16:29:11.725+05:30  INFO 15552 --- [orderservice] [restartedMain] o.h.c.internal.RegionFactoryInitiator    : HHH000026: Second-level cache disabled
2025-06-03T16:29:12.037+05:30  INFO 15552 --- [orderservice] [restartedMain] o.s.o.j.p.SpringPersistenceUnitInfo      : No LoadTimeWeaver setup: ignoring JPA class transformer
2025-06-03T16:29:12.072+05:30  INFO 15552 --- [orderservice] [restartedMain] com.zaxxer.hikari.HikariDataSource       : HikariPool-1 - Starting...
2025-06-03T16:29:12.304+05:30  INFO 15552 --- [orderservice] [restartedMain] com.zaxxer.hikari.pool.HikariPool        : HikariPool-1 - Added connection org.postgresql.jdbc.PgConnection@2a8193bd
2025-06-03T16:29:12.305+05:30  INFO 15552 --- [orderservice] [restartedMain] com.zaxxer.hikari.HikariDataSource       : HikariPool-1 - Start completed.
2025-06-03T16:29:12.342+05:30  WARN 15552 --- [orderservice] [restartedMain] org.hibernate.orm.deprecation            : HHH90000025: PostgreSQLDialect does not need to be specified explicitly using 'hibernate.dialect' (remove the property setting and it will be selected by default)
2025-06-03T16:29:12.363+05:30  INFO 15552 --- [orderservice] [restartedMain] org.hibernate.orm.connections.pooling    : HHH10001005: Database info:
	Database JDBC URL [Connecting through datasource 'HikariDataSource (HikariPool-1)']
	Database driver: undefined/unknown
	Database version: 17.4
	Autocommit mode: undefined/unknown
	Isolation level: undefined/unknown
	Minimum pool size: undefined/unknown
	Maximum pool size: undefined/unknown
2025-06-03T16:29:13.320+05:30  INFO 15552 --- [orderservice] [restartedMain] o.h.e.t.j.p.i.JtaPlatformInitiator       : HHH000489: No JTA platform available (set 'hibernate.transaction.jta.platform' to enable JTA platform integration)
2025-06-03T16:29:13.362+05:30  INFO 15552 --- [orderservice] [restartedMain] j.LocalContainerEntityManagerFactoryBean : Initialized JPA EntityManagerFactory for persistence unit 'default'
2025-06-03T16:29:13.880+05:30  WARN 15552 --- [orderservice] [restartedMain] JpaBaseConfiguration$JpaWebConfiguration : spring.jpa.open-in-view is enabled by default. Therefore, database queries may be performed during view rendering. Explicitly configure spring.jpa.open-in-view to disable this warning
2025-06-03T16:29:13.930+05:30  INFO 15552 --- [orderservice] [restartedMain] o.s.v.b.OptionalValidatorFactoryBean     : Failed to set up a Bean Validation provider: jakarta.validation.NoProviderFoundException: Unable to create a Configuration, because no Jakarta Bean Validation provider could be found. Add a provider like Hibernate Validator (RI) to your classpath.
2025-06-03T16:29:14.280+05:30  INFO 15552 --- [orderservice] [restartedMain] o.s.b.d.a.OptionalLiveReloadServer       : LiveReload server is running on port 35729
2025-06-03T16:29:14.324+05:30  INFO 15552 --- [orderservice] [restartedMain] o.s.b.w.embedded.tomcat.TomcatWebServer  : Tomcat started on port 8080 (http) with context path '/'
2025-06-03T16:29:14.336+05:30  INFO 15552 --- [orderservice] [restartedMain] c.e.o.OrderserviceApplication            : Started OrderserviceApplication in 5.402 seconds (process running for 5.91)
2025-06-03T16:29:19.230+05:30  INFO 15552 --- [orderservice] [http-nio-8080-exec-1] o.a.c.c.C.[Tomcat].[localhost].[/]       : Initializing Spring DispatcherServlet 'dispatcherServlet'
2025-06-03T16:29:19.231+05:30  INFO 15552 --- [orderservice] [http-nio-8080-exec-1] o.s.web.servlet.DispatcherServlet        : Initializing Servlet 'dispatcherServlet'
2025-06-03T16:29:19.232+05:30  INFO 15552 --- [orderservice] [http-nio-8080-exec-1] o.s.web.servlet.DispatcherServlet        : Completed initialization in 1 ms
2025-06-03T16:29:19.379+05:30  INFO 15552 --- [orderservice] [http-nio-8080-exec-1] c.e.o.controller.OrderController         : Received request to create order for customer: 123e4567-e89b-12d3-a456-42661417400a
2025-06-03T16:29:19.404+05:30  INFO 15552 --- [orderservice] [http-nio-8080-exec-1] c.e.o.service.impl.OrderServiceImpl      : Creating a new order for customer: 123e4567-e89b-12d3-a456-42661417400a
2025-06-03T16:29:19.484+05:30 DEBUG 15552 --- [orderservice] [http-nio-8080-exec-1] c.e.o.service.impl.OrderServiceImpl      : Order saved: e50d04c6-4e02-40eb-beff-6401de4463ea
2025-06-03T16:29:31.339+05:30  INFO 15552 --- [orderservice] [SpringApplicationShutdownHook] o.s.b.w.e.tomcat.GracefulShutdown        : Commencing graceful shutdown. Waiting for active requests to complete
2025-06-03T16:29:31.344+05:30  INFO 15552 --- [orderservice] [tomcat-shutdown] o.s.b.w.e.tomcat.GracefulShutdown        : Graceful shutdown complete
2025-06-03T16:29:31.348+05:30  INFO 15552 --- [orderservice] [SpringApplicationShutdownHook] j.LocalContainerEntityManagerFactoryBean : Closing JPA EntityManagerFactory for persistence unit 'default'
2025-06-03T16:29:31.351+05:30  INFO 15552 --- [orderservice] [SpringApplicationShutdownHook] com.zaxxer.hikari.HikariDataSource       : HikariPool-1 - Shutdown initiated...
2025-06-03T16:29:31.355+05:30  INFO 15552 --- [orderservice] [SpringApplicationShutdownHook] com.zaxxer.hikari.HikariDataSource       : HikariPool-1 - Shutdown completed.
2025-06-03T16:37:34.616+05:30  INFO 7852 --- [orderservice] [restartedMain] c.e.o.OrderserviceApplication            : Starting OrderserviceApplication using Java 22.0.1 with PID 7852 (C:\Project\E-Commerce\orderservice\target\classes started by Mohan Raj S in C:\Project\E-Commerce)
2025-06-03T16:37:34.618+05:30 DEBUG 7852 --- [orderservice] [restartedMain] c.e.o.OrderserviceApplication            : Running with Spring Boot v3.5.0, Spring v6.2.7
2025-06-03T16:37:34.619+05:30  INFO 7852 --- [orderservice] [restartedMain] c.e.o.OrderserviceApplication            : No active profile set, falling back to 1 default profile: "default"
2025-06-03T16:37:34.688+05:30  INFO 7852 --- [orderservice] [restartedMain] .e.DevToolsPropertyDefaultsPostProcessor : Devtools property defaults active! Set 'spring.devtools.add-properties' to 'false' to disable
2025-06-03T16:37:34.688+05:30  INFO 7852 --- [orderservice] [restartedMain] .e.DevToolsPropertyDefaultsPostProcessor : For additional web related logging consider setting the 'logging.level.web' property to 'DEBUG'
2025-06-03T16:37:35.487+05:30  INFO 7852 --- [orderservice] [restartedMain] .s.d.r.c.RepositoryConfigurationDelegate : Bootstrapping Spring Data JPA repositories in DEFAULT mode.
2025-06-03T16:37:35.566+05:30  INFO 7852 --- [orderservice] [restartedMain] .s.d.r.c.RepositoryConfigurationDelegate : Finished Spring Data repository scanning in 70 ms. Found 1 JPA repository interface.
2025-06-03T16:37:36.253+05:30  INFO 7852 --- [orderservice] [restartedMain] o.s.b.w.embedded.tomcat.TomcatWebServer  : Tomcat initialized with port 8080 (http)
2025-06-03T16:37:36.271+05:30  INFO 7852 --- [orderservice] [restartedMain] o.apache.catalina.core.StandardService   : Starting service [Tomcat]
2025-06-03T16:37:36.272+05:30  INFO 7852 --- [orderservice] [restartedMain] o.apache.catalina.core.StandardEngine    : Starting Servlet engine: [Apache Tomcat/10.1.41]
2025-06-03T16:37:36.316+05:30  INFO 7852 --- [orderservice] [restartedMain] o.a.c.c.C.[Tomcat].[localhost].[/]       : Initializing Spring embedded WebApplicationContext
2025-06-03T16:37:36.317+05:30  INFO 7852 --- [orderservice] [restartedMain] w.s.c.ServletWebServerApplicationContext : Root WebApplicationContext: initialization completed in 1627 ms
2025-06-03T16:37:36.537+05:30  INFO 7852 --- [orderservice] [restartedMain] o.hibernate.jpa.internal.util.LogHelper  : HHH000204: Processing PersistenceUnitInfo [name: default]
2025-06-03T16:37:36.594+05:30  INFO 7852 --- [orderservice] [restartedMain] org.hibernate.Version                    : HHH000412: Hibernate ORM core version 6.6.15.Final
2025-06-03T16:37:36.627+05:30  INFO 7852 --- [orderservice] [restartedMain] o.h.c.internal.RegionFactoryInitiator    : HHH000026: Second-level cache disabled
2025-06-03T16:37:36.958+05:30  INFO 7852 --- [orderservice] [restartedMain] o.s.o.j.p.SpringPersistenceUnitInfo      : No LoadTimeWeaver setup: ignoring JPA class transformer
2025-06-03T16:37:36.991+05:30  INFO 7852 --- [orderservice] [restartedMain] com.zaxxer.hikari.HikariDataSource       : HikariPool-1 - Starting...
2025-06-03T16:37:37.216+05:30  INFO 7852 --- [orderservice] [restartedMain] com.zaxxer.hikari.pool.HikariPool        : HikariPool-1 - Added connection org.postgresql.jdbc.PgConnection@5bf55c0e
2025-06-03T16:37:37.218+05:30  INFO 7852 --- [orderservice] [restartedMain] com.zaxxer.hikari.HikariDataSource       : HikariPool-1 - Start completed.
2025-06-03T16:37:37.253+05:30  WARN 7852 --- [orderservice] [restartedMain] org.hibernate.orm.deprecation            : HHH90000025: PostgreSQLDialect does not need to be specified explicitly using 'hibernate.dialect' (remove the property setting and it will be selected by default)
2025-06-03T16:37:37.272+05:30  INFO 7852 --- [orderservice] [restartedMain] org.hibernate.orm.connections.pooling    : HHH10001005: Database info:
	Database JDBC URL [Connecting through datasource 'HikariDataSource (HikariPool-1)']
	Database driver: undefined/unknown
	Database version: 17.4
	Autocommit mode: undefined/unknown
	Isolation level: undefined/unknown
	Minimum pool size: undefined/unknown
	Maximum pool size: undefined/unknown
2025-06-03T16:37:38.159+05:30  INFO 7852 --- [orderservice] [restartedMain] o.h.e.t.j.p.i.JtaPlatformInitiator       : HHH000489: No JTA platform available (set 'hibernate.transaction.jta.platform' to enable JTA platform integration)
2025-06-03T16:37:38.203+05:30  INFO 7852 --- [orderservice] [restartedMain] j.LocalContainerEntityManagerFactoryBean : Initialized JPA EntityManagerFactory for persistence unit 'default'
2025-06-03T16:37:38.662+05:30  WARN 7852 --- [orderservice] [restartedMain] JpaBaseConfiguration$JpaWebConfiguration : spring.jpa.open-in-view is enabled by default. Therefore, database queries may be performed during view rendering. Explicitly configure spring.jpa.open-in-view to disable this warning
2025-06-03T16:37:38.717+05:30  INFO 7852 --- [orderservice] [restartedMain] o.s.v.b.OptionalValidatorFactoryBean     : Failed to set up a Bean Validation provider: jakarta.validation.NoProviderFoundException: Unable to create a Configuration, because no Jakarta Bean Validation provider could be found. Add a provider like Hibernate Validator (RI) to your classpath.
2025-06-03T16:37:39.073+05:30  INFO 7852 --- [orderservice] [restartedMain] o.s.b.d.a.OptionalLiveReloadServer       : LiveReload server is running on port 35729
2025-06-03T16:37:39.107+05:30  INFO 7852 --- [orderservice] [restartedMain] o.s.b.w.embedded.tomcat.TomcatWebServer  : Tomcat started on port 8080 (http) with context path '/'
2025-06-03T16:37:39.118+05:30  INFO 7852 --- [orderservice] [restartedMain] c.e.o.OrderserviceApplication            : Started OrderserviceApplication in 5.178 seconds (process running for 5.694)
2025-06-03T16:37:43.596+05:30  INFO 7852 --- [orderservice] [http-nio-8080-exec-5] o.a.c.c.C.[Tomcat].[localhost].[/]       : Initializing Spring DispatcherServlet 'dispatcherServlet'
2025-06-03T16:37:43.597+05:30  INFO 7852 --- [orderservice] [http-nio-8080-exec-5] o.s.web.servlet.DispatcherServlet        : Initializing Servlet 'dispatcherServlet'
2025-06-03T16:37:43.599+05:30  INFO 7852 --- [orderservice] [http-nio-8080-exec-5] o.s.web.servlet.DispatcherServlet        : Completed initialization in 2 ms
2025-06-03T16:37:43.763+05:30  INFO 7852 --- [orderservice] [http-nio-8080-exec-5] c.e.o.controller.OrderController         : Received request to create order for customer: 123e4567-e89b-12d3-a456-42661417400a
2025-06-03T16:37:43.789+05:30  INFO 7852 --- [orderservice] [http-nio-8080-exec-5] c.e.o.service.impl.OrderServiceImpl      : Creating a new order for customer: 123e4567-e89b-12d3-a456-42661417400a
2025-06-03T16:37:45.799+05:30  INFO 7852 --- [orderservice] [http-nio-8080-exec-5] c.e.o.service.impl.OrderServiceImpl      : Creating a new order for customer: 123e4567-e89b-12d3-a456-42661417400a
2025-06-03T16:37:47.811+05:30  INFO 7852 --- [orderservice] [http-nio-8080-exec-5] c.e.o.service.impl.OrderServiceImpl      : Creating a new order for customer: 123e4567-e89b-12d3-a456-42661417400a
2025-06-03T16:37:47.814+05:30 ERROR 7852 --- [orderservice] [http-nio-8080-exec-5] o.a.c.c.C.[.[.[/].[dispatcherServlet]    : Servlet.service() for servlet [dispatcherServlet] in context with path [] threw exception [Request processing failed: java.lang.RuntimeException] with root cause

java.lang.RuntimeException: null
	at com.ecommerce.orderservice.service.impl.OrderServiceImpl.createOrder(OrderServiceImpl.java:42) ~[classes/:na]
	at java.base/jdk.internal.reflect.DirectMethodHandleAccessor.invoke(DirectMethodHandleAccessor.java:103) ~[na:na]
	at java.base/java.lang.reflect.Method.invoke(Method.java:580) ~[na:na]
	at org.springframework.aop.support.AopUtils.invokeJoinpointUsingReflection(AopUtils.java:359) ~[spring-aop-6.2.7.jar:6.2.7]
	at org.springframework.aop.framework.ReflectiveMethodInvocation.invokeJoinpoint(ReflectiveMethodInvocation.java:196) ~[spring-aop-6.2.7.jar:6.2.7]
	at org.springframework.aop.framework.ReflectiveMethodInvocation.proceed(ReflectiveMethodInvocation.java:163) ~[spring-aop-6.2.7.jar:6.2.7]
	at org.springframework.transaction.interceptor.TransactionAspectSupport.invokeWithinTransaction(TransactionAspectSupport.java:380) ~[spring-tx-6.2.7.jar:6.2.7]
	at org.springframework.transaction.interceptor.TransactionInterceptor.invoke(TransactionInterceptor.java:119) ~[spring-tx-6.2.7.jar:6.2.7]
	at org.springframework.aop.framework.ReflectiveMethodInvocation.proceed(ReflectiveMethodInvocation.java:184) ~[spring-aop-6.2.7.jar:6.2.7]
	at org.springframework.retry.interceptor.RetryOperationsInterceptor$1.doWithRetry(RetryOperationsInterceptor.java:114) ~[spring-retry-2.0.12.jar:na]
	at org.springframework.retry.support.RetryTemplate.doExecute(RetryTemplate.java:357) ~[spring-retry-2.0.12.jar:na]
	at org.springframework.retry.support.RetryTemplate.execute(RetryTemplate.java:246) ~[spring-retry-2.0.12.jar:na]
	at org.springframework.retry.interceptor.RetryOperationsInterceptor.invoke(RetryOperationsInterceptor.java:135) ~[spring-retry-2.0.12.jar:na]
	at org.springframework.retry.annotation.AnnotationAwareRetryOperationsInterceptor.invoke(AnnotationAwareRetryOperationsInterceptor.java:162) ~[spring-retry-2.0.12.jar:na]
	at org.springframework.aop.framework.ReflectiveMethodInvocation.proceed(ReflectiveMethodInvocation.java:184) ~[spring-aop-6.2.7.jar:6.2.7]
	at org.springframework.aop.framework.CglibAopProxy$DynamicAdvisedInterceptor.intercept(CglibAopProxy.java:728) ~[spring-aop-6.2.7.jar:6.2.7]
	at com.ecommerce.orderservice.service.impl.OrderServiceImpl$$SpringCGLIB$$0.createOrder(<generated>) ~[classes/:na]
	at com.ecommerce.orderservice.controller.OrderController.createOrder(OrderController.java:27) ~[classes/:na]
	at java.base/jdk.internal.reflect.DirectMethodHandleAccessor.invoke(DirectMethodHandleAccessor.java:103) ~[na:na]
	at java.base/java.lang.reflect.Method.invoke(Method.java:580) ~[na:na]
	at org.springframework.web.method.support.InvocableHandlerMethod.doInvoke(InvocableHandlerMethod.java:258) ~[spring-web-6.2.7.jar:6.2.7]
	at org.springframework.web.method.support.InvocableHandlerMethod.invokeForRequest(InvocableHandlerMethod.java:191) ~[spring-web-6.2.7.jar:6.2.7]
	at org.springframework.web.servlet.mvc.method.annotation.ServletInvocableHandlerMethod.invokeAndHandle(ServletInvocableHandlerMethod.java:118) ~[spring-webmvc-6.2.7.jar:6.2.7]
	at org.springframework.web.servlet.mvc.method.annotation.RequestMappingHandlerAdapter.invokeHandlerMethod(RequestMappingHandlerAdapter.java:986) ~[spring-webmvc-6.2.7.jar:6.2.7]
	at org.springframework.web.servlet.mvc.method.annotation.RequestMappingHandlerAdapter.handleInternal(RequestMappingHandlerAdapter.java:891) ~[spring-webmvc-6.2.7.jar:6.2.7]
	at org.springframework.web.servlet.mvc.method.AbstractHandlerMethodAdapter.handle(AbstractHandlerMethodAdapter.java:87) ~[spring-webmvc-6.2.7.jar:6.2.7]
	at org.springframework.web.servlet.DispatcherServlet.doDispatch(DispatcherServlet.java:1089) ~[spring-webmvc-6.2.7.jar:6.2.7]
	at org.springframework.web.servlet.DispatcherServlet.doService(DispatcherServlet.java:979) ~[spring-webmvc-6.2.7.jar:6.2.7]
	at org.springframework.web.servlet.FrameworkServlet.processRequest(FrameworkServlet.java:1014) ~[spring-webmvc-6.2.7.jar:6.2.7]
	at org.springframework.web.servlet.FrameworkServlet.doPost(FrameworkServlet.java:914) ~[spring-webmvc-6.2.7.jar:6.2.7]
	at jakarta.servlet.http.HttpServlet.service(HttpServlet.java:590) ~[tomcat-embed-core-10.1.41.jar:6.0]
	at org.springframework.web.servlet.FrameworkServlet.service(FrameworkServlet.java:885) ~[spring-webmvc-6.2.7.jar:6.2.7]
	at jakarta.servlet.http.HttpServlet.service(HttpServlet.java:658) ~[tomcat-embed-core-10.1.41.jar:6.0]
	at org.apache.catalina.core.ApplicationFilterChain.internalDoFilter(ApplicationFilterChain.java:195) ~[tomcat-embed-core-10.1.41.jar:10.1.41]
	at org.apache.catalina.core.ApplicationFilterChain.doFilter(ApplicationFilterChain.java:140) ~[tomcat-embed-core-10.1.41.jar:10.1.41]
	at org.apache.tomcat.websocket.server.WsFilter.doFilter(WsFilter.java:51) ~[tomcat-embed-websocket-10.1.41.jar:10.1.41]
	at org.apache.catalina.core.ApplicationFilterChain.internalDoFilter(ApplicationFilterChain.java:164) ~[tomcat-embed-core-10.1.41.jar:10.1.41]
	at org.apache.catalina.core.ApplicationFilterChain.doFilter(ApplicationFilterChain.java:140) ~[tomcat-embed-core-10.1.41.jar:10.1.41]
	at org.springframework.web.filter.RequestContextFilter.doFilterInternal(RequestContextFilter.java:100) ~[spring-web-6.2.7.jar:6.2.7]
	at org.springframework.web.filter.OncePerRequestFilter.doFilter(OncePerRequestFilter.java:116) ~[spring-web-6.2.7.jar:6.2.7]
	at org.apache.catalina.core.ApplicationFilterChain.internalDoFilter(ApplicationFilterChain.java:164) ~[tomcat-embed-core-10.1.41.jar:10.1.41]
	at org.apache.catalina.core.ApplicationFilterChain.doFilter(ApplicationFilterChain.java:140) ~[tomcat-embed-core-10.1.41.jar:10.1.41]
	at org.springframework.web.filter.FormContentFilter.doFilterInternal(FormContentFilter.java:93) ~[spring-web-6.2.7.jar:6.2.7]
	at org.springframework.web.filter.OncePerRequestFilter.doFilter(OncePerRequestFilter.java:116) ~[spring-web-6.2.7.jar:6.2.7]
	at org.apache.catalina.core.ApplicationFilterChain.internalDoFilter(ApplicationFilterChain.java:164) ~[tomcat-embed-core-10.1.41.jar:10.1.41]
	at org.apache.catalina.core.ApplicationFilterChain.doFilter(ApplicationFilterChain.java:140) ~[tomcat-embed-core-10.1.41.jar:10.1.41]
	at org.springframework.web.filter.CharacterEncodingFilter.doFilterInternal(CharacterEncodingFilter.java:201) ~[spring-web-6.2.7.jar:6.2.7]
	at org.springframework.web.filter.OncePerRequestFilter.doFilter(OncePerRequestFilter.java:116) ~[spring-web-6.2.7.jar:6.2.7]
	at org.apache.catalina.core.ApplicationFilterChain.internalDoFilter(ApplicationFilterChain.java:164) ~[tomcat-embed-core-10.1.41.jar:10.1.41]
	at org.apache.catalina.core.ApplicationFilterChain.doFilter(ApplicationFilterChain.java:140) ~[tomcat-embed-core-10.1.41.jar:10.1.41]
	at org.apache.catalina.core.StandardWrapperValve.invoke(StandardWrapperValve.java:167) ~[tomcat-embed-core-10.1.41.jar:10.1.41]
	at org.apache.catalina.core.StandardContextValve.invoke(StandardContextValve.java:90) ~[tomcat-embed-core-10.1.41.jar:10.1.41]
	at org.apache.catalina.authenticator.AuthenticatorBase.invoke(AuthenticatorBase.java:483) ~[tomcat-embed-core-10.1.41.jar:10.1.41]
	at org.apache.catalina.core.StandardHostValve.invoke(StandardHostValve.java:116) ~[tomcat-embed-core-10.1.41.jar:10.1.41]
	at org.apache.catalina.valves.ErrorReportValve.invoke(ErrorReportValve.java:93) ~[tomcat-embed-core-10.1.41.jar:10.1.41]
	at org.apache.catalina.core.StandardEngineValve.invoke(StandardEngineValve.java:74) ~[tomcat-embed-core-10.1.41.jar:10.1.41]
	at org.apache.catalina.connector.CoyoteAdapter.service(CoyoteAdapter.java:344) ~[tomcat-embed-core-10.1.41.jar:10.1.41]
	at org.apache.coyote.http11.Http11Processor.service(Http11Processor.java:398) ~[tomcat-embed-core-10.1.41.jar:10.1.41]
	at org.apache.coyote.AbstractProcessorLight.process(AbstractProcessorLight.java:63) ~[tomcat-embed-core-10.1.41.jar:10.1.41]
	at org.apache.coyote.AbstractProtocol$ConnectionHandler.process(AbstractProtocol.java:903) ~[tomcat-embed-core-10.1.41.jar:10.1.41]
	at org.apache.tomcat.util.net.NioEndpoint$SocketProcessor.doRun(NioEndpoint.java:1740) ~[tomcat-embed-core-10.1.41.jar:10.1.41]
	at org.apache.tomcat.util.net.SocketProcessorBase.run(SocketProcessorBase.java:52) ~[tomcat-embed-core-10.1.41.jar:10.1.41]
	at org.apache.tomcat.util.threads.ThreadPoolExecutor.runWorker(ThreadPoolExecutor.java:1189) ~[tomcat-embed-core-10.1.41.jar:10.1.41]
	at org.apache.tomcat.util.threads.ThreadPoolExecutor$Worker.run(ThreadPoolExecutor.java:658) ~[tomcat-embed-core-10.1.41.jar:10.1.41]
	at org.apache.tomcat.util.threads.TaskThread$WrappingRunnable.run(TaskThread.java:63) ~[tomcat-embed-core-10.1.41.jar:10.1.41]
	at java.base/java.lang.Thread.run(Thread.java:1570) ~[na:na]

2025-06-03T16:40:13.762+05:30  INFO 7852 --- [orderservice] [SpringApplicationShutdownHook] o.s.b.w.e.tomcat.GracefulShutdown        : Commencing graceful shutdown. Waiting for active requests to complete
2025-06-03T16:40:13.768+05:30  INFO 7852 --- [orderservice] [tomcat-shutdown] o.s.b.w.e.tomcat.GracefulShutdown        : Graceful shutdown complete
2025-06-03T16:40:13.771+05:30  INFO 7852 --- [orderservice] [SpringApplicationShutdownHook] j.LocalContainerEntityManagerFactoryBean : Closing JPA EntityManagerFactory for persistence unit 'default'
2025-06-03T16:40:13.775+05:30  INFO 7852 --- [orderservice] [SpringApplicationShutdownHook] com.zaxxer.hikari.HikariDataSource       : HikariPool-1 - Shutdown initiated...
2025-06-03T16:40:13.778+05:30  INFO 7852 --- [orderservice] [SpringApplicationShutdownHook] com.zaxxer.hikari.HikariDataSource       : HikariPool-1 - Shutdown completed.
2025-06-03T16:40:32.508+05:30  INFO 5752 --- [orderservice] [restartedMain] c.e.o.OrderserviceApplication            : Starting OrderserviceApplication using Java 22.0.1 with PID 5752 (C:\Project\E-Commerce\orderservice\target\classes started by Mohan Raj S in C:\Project\E-Commerce)
2025-06-03T16:40:32.516+05:30 DEBUG 5752 --- [orderservice] [restartedMain] c.e.o.OrderserviceApplication            : Running with Spring Boot v3.5.0, Spring v6.2.7
2025-06-03T16:40:32.517+05:30  INFO 5752 --- [orderservice] [restartedMain] c.e.o.OrderserviceApplication            : No active profile set, falling back to 1 default profile: "default"
2025-06-03T16:40:32.578+05:30  INFO 5752 --- [orderservice] [restartedMain] .e.DevToolsPropertyDefaultsPostProcessor : Devtools property defaults active! Set 'spring.devtools.add-properties' to 'false' to disable
2025-06-03T16:40:32.579+05:30  INFO 5752 --- [orderservice] [restartedMain] .e.DevToolsPropertyDefaultsPostProcessor : For additional web related logging consider setting the 'logging.level.web' property to 'DEBUG'
2025-06-03T16:40:33.396+05:30  INFO 5752 --- [orderservice] [restartedMain] .s.d.r.c.RepositoryConfigurationDelegate : Bootstrapping Spring Data JPA repositories in DEFAULT mode.
2025-06-03T16:40:33.472+05:30  INFO 5752 --- [orderservice] [restartedMain] .s.d.r.c.RepositoryConfigurationDelegate : Finished Spring Data repository scanning in 64 ms. Found 1 JPA repository interface.
2025-06-03T16:40:34.140+05:30  INFO 5752 --- [orderservice] [restartedMain] o.s.b.w.embedded.tomcat.TomcatWebServer  : Tomcat initialized with port 8080 (http)
2025-06-03T16:40:34.157+05:30  INFO 5752 --- [orderservice] [restartedMain] o.apache.catalina.core.StandardService   : Starting service [Tomcat]
2025-06-03T16:40:34.158+05:30  INFO 5752 --- [orderservice] [restartedMain] o.apache.catalina.core.StandardEngine    : Starting Servlet engine: [Apache Tomcat/10.1.41]
2025-06-03T16:40:34.205+05:30  INFO 5752 --- [orderservice] [restartedMain] o.a.c.c.C.[Tomcat].[localhost].[/]       : Initializing Spring embedded WebApplicationContext
2025-06-03T16:40:34.206+05:30  INFO 5752 --- [orderservice] [restartedMain] w.s.c.ServletWebServerApplicationContext : Root WebApplicationContext: initialization completed in 1626 ms
2025-06-03T16:40:34.406+05:30  INFO 5752 --- [orderservice] [restartedMain] o.hibernate.jpa.internal.util.LogHelper  : HHH000204: Processing PersistenceUnitInfo [name: default]
2025-06-03T16:40:34.474+05:30  INFO 5752 --- [orderservice] [restartedMain] org.hibernate.Version                    : HHH000412: Hibernate ORM core version 6.6.15.Final
2025-06-03T16:40:34.509+05:30  INFO 5752 --- [orderservice] [restartedMain] o.h.c.internal.RegionFactoryInitiator    : HHH000026: Second-level cache disabled
2025-06-03T16:40:34.823+05:30  INFO 5752 --- [orderservice] [restartedMain] o.s.o.j.p.SpringPersistenceUnitInfo      : No LoadTimeWeaver setup: ignoring JPA class transformer
2025-06-03T16:40:34.855+05:30  INFO 5752 --- [orderservice] [restartedMain] com.zaxxer.hikari.HikariDataSource       : HikariPool-1 - Starting...
2025-06-03T16:40:35.177+05:30  INFO 5752 --- [orderservice] [restartedMain] com.zaxxer.hikari.pool.HikariPool        : HikariPool-1 - Added connection org.postgresql.jdbc.PgConnection@75a82bc7
2025-06-03T16:40:35.178+05:30  INFO 5752 --- [orderservice] [restartedMain] com.zaxxer.hikari.HikariDataSource       : HikariPool-1 - Start completed.
2025-06-03T16:40:35.216+05:30  WARN 5752 --- [orderservice] [restartedMain] org.hibernate.orm.deprecation            : HHH90000025: PostgreSQLDialect does not need to be specified explicitly using 'hibernate.dialect' (remove the property setting and it will be selected by default)
2025-06-03T16:40:35.234+05:30  INFO 5752 --- [orderservice] [restartedMain] org.hibernate.orm.connections.pooling    : HHH10001005: Database info:
	Database JDBC URL [Connecting through datasource 'HikariDataSource (HikariPool-1)']
	Database driver: undefined/unknown
	Database version: 17.4
	Autocommit mode: undefined/unknown
	Isolation level: undefined/unknown
	Minimum pool size: undefined/unknown
	Maximum pool size: undefined/unknown
2025-06-03T16:40:36.156+05:30  INFO 5752 --- [orderservice] [restartedMain] o.h.e.t.j.p.i.JtaPlatformInitiator       : HHH000489: No JTA platform available (set 'hibernate.transaction.jta.platform' to enable JTA platform integration)
2025-06-03T16:40:36.200+05:30  INFO 5752 --- [orderservice] [restartedMain] j.LocalContainerEntityManagerFactoryBean : Initialized JPA EntityManagerFactory for persistence unit 'default'
2025-06-03T16:40:36.655+05:30  WARN 5752 --- [orderservice] [restartedMain] JpaBaseConfiguration$JpaWebConfiguration : spring.jpa.open-in-view is enabled by default. Therefore, database queries may be performed during view rendering. Explicitly configure spring.jpa.open-in-view to disable this warning
2025-06-03T16:40:36.706+05:30  INFO 5752 --- [orderservice] [restartedMain] o.s.v.b.OptionalValidatorFactoryBean     : Failed to set up a Bean Validation provider: jakarta.validation.NoProviderFoundException: Unable to create a Configuration, because no Jakarta Bean Validation provider could be found. Add a provider like Hibernate Validator (RI) to your classpath.
2025-06-03T16:40:37.042+05:30  INFO 5752 --- [orderservice] [restartedMain] o.s.b.d.a.OptionalLiveReloadServer       : LiveReload server is running on port 35729
2025-06-03T16:40:37.083+05:30  INFO 5752 --- [orderservice] [restartedMain] o.s.b.w.embedded.tomcat.TomcatWebServer  : Tomcat started on port 8080 (http) with context path '/'
2025-06-03T16:40:37.094+05:30  INFO 5752 --- [orderservice] [restartedMain] c.e.o.OrderserviceApplication            : Started OrderserviceApplication in 5.249 seconds (process running for 5.758)
2025-06-03T16:41:45.218+05:30  INFO 5752 --- [orderservice] [http-nio-8080-exec-1] o.a.c.c.C.[Tomcat].[localhost].[/]       : Initializing Spring DispatcherServlet 'dispatcherServlet'
2025-06-03T16:41:45.218+05:30  INFO 5752 --- [orderservice] [http-nio-8080-exec-1] o.s.web.servlet.DispatcherServlet        : Initializing Servlet 'dispatcherServlet'
2025-06-03T16:41:45.218+05:30  INFO 5752 --- [orderservice] [http-nio-8080-exec-1] o.s.web.servlet.DispatcherServlet        : Completed initialization in 0 ms
2025-06-03T16:41:45.358+05:30  INFO 5752 --- [orderservice] [http-nio-8080-exec-1] c.e.o.controller.OrderController         : Received request to create order for customer: 123e4567-e89b-12d3-a456-42661417400a
2025-06-03T16:41:45.374+05:30  INFO 5752 --- [orderservice] [http-nio-8080-exec-1] c.e.o.service.impl.OrderServiceImpl      : Creating a new order for customer: 123e4567-e89b-12d3-a456-42661417400a
2025-06-03T16:41:45.452+05:30 DEBUG 5752 --- [orderservice] [http-nio-8080-exec-1] c.e.o.service.impl.OrderServiceImpl      : Order saved: 6f9a651a-3c96-48d0-8c1c-3f4fbba513a6
2025-06-03T16:41:49.891+05:30  INFO 5752 --- [orderservice] [http-nio-8080-exec-3] c.e.o.controller.OrderController         : Received request to create order for customer: 123e4567-e89b-12d3-a456-42661417400a
2025-06-03T16:41:49.893+05:30  INFO 5752 --- [orderservice] [http-nio-8080-exec-3] c.e.o.service.impl.OrderServiceImpl      : Creating a new order for customer: 123e4567-e89b-12d3-a456-42661417400a
2025-06-03T16:41:49.895+05:30 DEBUG 5752 --- [orderservice] [http-nio-8080-exec-3] c.e.o.service.impl.OrderServiceImpl      : Order saved: 21072b2c-43c0-44d3-8d3c-62d1bd983659
2025-06-03T16:41:51.175+05:30  INFO 5752 --- [orderservice] [http-nio-8080-exec-4] c.e.o.controller.OrderController         : Received request to create order for customer: 123e4567-e89b-12d3-a456-42661417400a
2025-06-03T16:41:51.175+05:30  INFO 5752 --- [orderservice] [http-nio-8080-exec-4] c.e.o.service.impl.OrderServiceImpl      : Creating a new order for customer: 123e4567-e89b-12d3-a456-42661417400a
2025-06-03T16:41:51.176+05:30 DEBUG 5752 --- [orderservice] [http-nio-8080-exec-4] c.e.o.service.impl.OrderServiceImpl      : Order saved: d60b002c-3265-4eda-a783-6dfc6e0c664c
2025-06-03T16:41:52.426+05:30  INFO 5752 --- [orderservice] [http-nio-8080-exec-5] c.e.o.controller.OrderController         : Received request to create order for customer: 123e4567-e89b-12d3-a456-42661417400a
2025-06-03T16:41:52.427+05:30  INFO 5752 --- [orderservice] [http-nio-8080-exec-5] c.e.o.service.impl.OrderServiceImpl      : Creating a new order for customer: 123e4567-e89b-12d3-a456-42661417400a
2025-06-03T16:41:52.429+05:30 DEBUG 5752 --- [orderservice] [http-nio-8080-exec-5] c.e.o.service.impl.OrderServiceImpl      : Order saved: 1b00284b-4657-44b2-8433-b0e9abd80d0c
2025-06-03T16:41:56.018+05:30  INFO 5752 --- [orderservice] [http-nio-8080-exec-6] c.e.o.controller.OrderController         : Received request to get all orders
2025-06-03T16:41:56.021+05:30  INFO 5752 --- [orderservice] [http-nio-8080-exec-6] c.e.o.service.impl.OrderServiceImpl      : Fetching all orders
2025-06-03T16:42:07.177+05:30  INFO 5752 --- [orderservice] [SpringApplicationShutdownHook] o.s.b.w.e.tomcat.GracefulShutdown        : Commencing graceful shutdown. Waiting for active requests to complete
2025-06-03T16:42:07.182+05:30  INFO 5752 --- [orderservice] [tomcat-shutdown] o.s.b.w.e.tomcat.GracefulShutdown        : Graceful shutdown complete
2025-06-03T16:42:07.185+05:30  INFO 5752 --- [orderservice] [SpringApplicationShutdownHook] j.LocalContainerEntityManagerFactoryBean : Closing JPA EntityManagerFactory for persistence unit 'default'
2025-06-03T16:42:07.188+05:30  INFO 5752 --- [orderservice] [SpringApplicationShutdownHook] com.zaxxer.hikari.HikariDataSource       : HikariPool-1 - Shutdown initiated...
2025-06-03T16:42:07.191+05:30  INFO 5752 --- [orderservice] [SpringApplicationShutdownHook] com.zaxxer.hikari.HikariDataSource       : HikariPool-1 - Shutdown completed.
2025-06-03T16:42:25.213+05:30  INFO 8264 --- [orderservice] [restartedMain] c.e.o.OrderserviceApplication            : Starting OrderserviceApplication using Java 22.0.1 with PID 8264 (C:\Project\E-Commerce\orderservice\target\classes started by Mohan Raj S in C:\Project\E-Commerce)
2025-06-03T16:42:25.223+05:30 DEBUG 8264 --- [orderservice] [restartedMain] c.e.o.OrderserviceApplication            : Running with Spring Boot v3.5.0, Spring v6.2.7
2025-06-03T16:42:25.224+05:30  INFO 8264 --- [orderservice] [restartedMain] c.e.o.OrderserviceApplication            : No active profile set, falling back to 1 default profile: "default"
2025-06-03T16:42:25.293+05:30  INFO 8264 --- [orderservice] [restartedMain] .e.DevToolsPropertyDefaultsPostProcessor : Devtools property defaults active! Set 'spring.devtools.add-properties' to 'false' to disable
2025-06-03T16:42:25.294+05:30  INFO 8264 --- [orderservice] [restartedMain] .e.DevToolsPropertyDefaultsPostProcessor : For additional web related logging consider setting the 'logging.level.web' property to 'DEBUG'
2025-06-03T16:42:26.121+05:30  INFO 8264 --- [orderservice] [restartedMain] .s.d.r.c.RepositoryConfigurationDelegate : Bootstrapping Spring Data JPA repositories in DEFAULT mode.
2025-06-03T16:42:26.201+05:30  INFO 8264 --- [orderservice] [restartedMain] .s.d.r.c.RepositoryConfigurationDelegate : Finished Spring Data repository scanning in 67 ms. Found 1 JPA repository interface.
2025-06-03T16:42:26.926+05:30  INFO 8264 --- [orderservice] [restartedMain] o.s.b.w.embedded.tomcat.TomcatWebServer  : Tomcat initialized with port 8080 (http)
2025-06-03T16:42:26.946+05:30  INFO 8264 --- [orderservice] [restartedMain] o.apache.catalina.core.StandardService   : Starting service [Tomcat]
2025-06-03T16:42:26.946+05:30  INFO 8264 --- [orderservice] [restartedMain] o.apache.catalina.core.StandardEngine    : Starting Servlet engine: [Apache Tomcat/10.1.41]
2025-06-03T16:42:26.996+05:30  INFO 8264 --- [orderservice] [restartedMain] o.a.c.c.C.[Tomcat].[localhost].[/]       : Initializing Spring embedded WebApplicationContext
2025-06-03T16:42:26.997+05:30  INFO 8264 --- [orderservice] [restartedMain] w.s.c.ServletWebServerApplicationContext : Root WebApplicationContext: initialization completed in 1702 ms
2025-06-03T16:42:27.207+05:30  INFO 8264 --- [orderservice] [restartedMain] o.hibernate.jpa.internal.util.LogHelper  : HHH000204: Processing PersistenceUnitInfo [name: default]
2025-06-03T16:42:27.262+05:30  INFO 8264 --- [orderservice] [restartedMain] org.hibernate.Version                    : HHH000412: Hibernate ORM core version 6.6.15.Final
2025-06-03T16:42:27.298+05:30  INFO 8264 --- [orderservice] [restartedMain] o.h.c.internal.RegionFactoryInitiator    : HHH000026: Second-level cache disabled
2025-06-03T16:42:27.602+05:30  INFO 8264 --- [orderservice] [restartedMain] o.s.o.j.p.SpringPersistenceUnitInfo      : No LoadTimeWeaver setup: ignoring JPA class transformer
2025-06-03T16:42:27.633+05:30  INFO 8264 --- [orderservice] [restartedMain] com.zaxxer.hikari.HikariDataSource       : HikariPool-1 - Starting...
2025-06-03T16:42:27.946+05:30  INFO 8264 --- [orderservice] [restartedMain] com.zaxxer.hikari.pool.HikariPool        : HikariPool-1 - Added connection org.postgresql.jdbc.PgConnection@e5f22dd
2025-06-03T16:42:27.948+05:30  INFO 8264 --- [orderservice] [restartedMain] com.zaxxer.hikari.HikariDataSource       : HikariPool-1 - Start completed.
2025-06-03T16:42:27.982+05:30  WARN 8264 --- [orderservice] [restartedMain] org.hibernate.orm.deprecation            : HHH90000025: PostgreSQLDialect does not need to be specified explicitly using 'hibernate.dialect' (remove the property setting and it will be selected by default)
2025-06-03T16:42:27.999+05:30  INFO 8264 --- [orderservice] [restartedMain] org.hibernate.orm.connections.pooling    : HHH10001005: Database info:
	Database JDBC URL [Connecting through datasource 'HikariDataSource (HikariPool-1)']
	Database driver: undefined/unknown
	Database version: 17.4
	Autocommit mode: undefined/unknown
	Isolation level: undefined/unknown
	Minimum pool size: undefined/unknown
	Maximum pool size: undefined/unknown
2025-06-03T16:42:28.921+05:30  INFO 8264 --- [orderservice] [restartedMain] o.h.e.t.j.p.i.JtaPlatformInitiator       : HHH000489: No JTA platform available (set 'hibernate.transaction.jta.platform' to enable JTA platform integration)
2025-06-03T16:42:29.105+05:30  INFO 8264 --- [orderservice] [restartedMain] j.LocalContainerEntityManagerFactoryBean : Initialized JPA EntityManagerFactory for persistence unit 'default'
2025-06-03T16:42:29.592+05:30  WARN 8264 --- [orderservice] [restartedMain] JpaBaseConfiguration$JpaWebConfiguration : spring.jpa.open-in-view is enabled by default. Therefore, database queries may be performed during view rendering. Explicitly configure spring.jpa.open-in-view to disable this warning
2025-06-03T16:42:29.645+05:30  INFO 8264 --- [orderservice] [restartedMain] o.s.v.b.OptionalValidatorFactoryBean     : Failed to set up a Bean Validation provider: jakarta.validation.NoProviderFoundException: Unable to create a Configuration, because no Jakarta Bean Validation provider could be found. Add a provider like Hibernate Validator (RI) to your classpath.
2025-06-03T16:42:30.026+05:30  INFO 8264 --- [orderservice] [restartedMain] o.s.b.d.a.OptionalLiveReloadServer       : LiveReload server is running on port 35729
2025-06-03T16:42:30.062+05:30  INFO 8264 --- [orderservice] [restartedMain] o.s.b.w.embedded.tomcat.TomcatWebServer  : Tomcat started on port 8080 (http) with context path '/'
2025-06-03T16:42:30.073+05:30  INFO 8264 --- [orderservice] [restartedMain] c.e.o.OrderserviceApplication            : Started OrderserviceApplication in 5.563 seconds (process running for 6.073)
2025-06-03T16:43:08.263+05:30  INFO 8264 --- [orderservice] [http-nio-8080-exec-1] o.a.c.c.C.[Tomcat].[localhost].[/]       : Initializing Spring DispatcherServlet 'dispatcherServlet'
2025-06-03T16:43:08.264+05:30  INFO 8264 --- [orderservice] [http-nio-8080-exec-1] o.s.web.servlet.DispatcherServlet        : Initializing Servlet 'dispatcherServlet'
2025-06-03T16:43:08.266+05:30  INFO 8264 --- [orderservice] [http-nio-8080-exec-1] o.s.web.servlet.DispatcherServlet        : Completed initialization in 2 ms
2025-06-03T16:43:08.421+05:30  INFO 8264 --- [orderservice] [http-nio-8080-exec-1] c.e.o.controller.OrderController         : Received request to create order for customer: 123e4567-e89b-12d3-a456-42661417400a
2025-06-03T16:43:08.448+05:30  INFO 8264 --- [orderservice] [http-nio-8080-exec-1] c.e.o.service.impl.OrderServiceImpl      : Creating a new order for customer: 123e4567-e89b-12d3-a456-42661417400a
2025-06-03T16:43:08.539+05:30 DEBUG 8264 --- [orderservice] [http-nio-8080-exec-1] c.e.o.service.impl.OrderServiceImpl      : Order saved: fb2ab9bf-11ed-406b-b2cd-54da77d3a43f
2025-06-03T16:43:23.154+05:30  INFO 8264 --- [orderservice] [http-nio-8080-exec-3] c.e.o.controller.OrderController         : Received request to create order for customer: 123e4567-e89b-12d3-a456-42661417400a
2025-06-03T16:43:23.156+05:30  INFO 8264 --- [orderservice] [http-nio-8080-exec-3] c.e.o.service.impl.OrderServiceImpl      : Creating a new order for customer: 123e4567-e89b-12d3-a456-42661417400a
2025-06-03T16:43:23.158+05:30 DEBUG 8264 --- [orderservice] [http-nio-8080-exec-3] c.e.o.service.impl.OrderServiceImpl      : Order saved: 7790b217-9744-4f26-84ef-c6fed4cd5daf
2025-06-03T16:43:26.576+05:30  INFO 8264 --- [orderservice] [http-nio-8080-exec-4] c.e.o.controller.OrderController         : Received request to create order for customer: 123e4567-e89b-12d3-a456-42661417400a
2025-06-03T16:43:26.577+05:30  INFO 8264 --- [orderservice] [http-nio-8080-exec-4] c.e.o.service.impl.OrderServiceImpl      : Creating a new order for customer: 123e4567-e89b-12d3-a456-42661417400a
2025-06-03T16:43:26.578+05:30 DEBUG 8264 --- [orderservice] [http-nio-8080-exec-4] c.e.o.service.impl.OrderServiceImpl      : Order saved: 01d119a0-b9a3-4228-8588-421651ce15a2
2025-06-03T16:43:33.903+05:30  INFO 8264 --- [orderservice] [http-nio-8080-exec-5] c.e.o.controller.OrderController         : Received request to create order for customer: 123e4567-e89b-12d3-a456-42661417400a
2025-06-03T16:43:33.905+05:30  INFO 8264 --- [orderservice] [http-nio-8080-exec-5] c.e.o.service.impl.OrderServiceImpl      : Creating a new order for customer: 123e4567-e89b-12d3-a456-42661417400a
2025-06-03T16:43:33.907+05:30 DEBUG 8264 --- [orderservice] [http-nio-8080-exec-5] c.e.o.service.impl.OrderServiceImpl      : Order saved: c6ac9af0-ab15-410b-80dc-0a6e6937d1a4
2025-06-03T16:43:37.818+05:30  INFO 8264 --- [orderservice] [http-nio-8080-exec-6] c.e.o.controller.OrderController         : Received request to get all orders
2025-06-03T16:43:37.821+05:30  INFO 8264 --- [orderservice] [http-nio-8080-exec-6] c.e.o.service.impl.OrderServiceImpl      : Fetching all orders
2025-06-03T16:44:26.153+05:30  INFO 8264 --- [orderservice] [http-nio-8080-exec-7] c.e.o.controller.OrderController         : Received request to get order with ID: 6f9a651a-3c96-48d0-8c1c-3f4fbba513a6
2025-06-03T16:44:26.154+05:30  INFO 8264 --- [orderservice] [http-nio-8080-exec-7] c.e.o.service.impl.OrderServiceImpl      : Fetching order with ID: 6f9a651a-3c96-48d0-8c1c-3f4fbba513a6
2025-06-03T16:44:53.449+05:30  INFO 8264 --- [orderservice] [http-nio-8080-exec-8] c.e.o.controller.OrderController         : Received request to get orders for customer ID: 123e4567-e89b-12d3-a456-42661417400a
2025-06-03T16:44:53.450+05:30  INFO 8264 --- [orderservice] [http-nio-8080-exec-8] c.e.o.service.impl.OrderServiceImpl      : Fetching orders for customer ID: 123e4567-e89b-12d3-a456-42661417400a
2025-06-03T16:45:20.378+05:30  INFO 8264 --- [orderservice] [http-nio-8080-exec-9] c.e.o.controller.OrderController         : Received request to update order with ID: 6f9a651a-3c96-48d0-8c1c-3f4fbba513a6
2025-06-03T16:45:20.380+05:30  INFO 8264 --- [orderservice] [http-nio-8080-exec-9] c.e.o.service.impl.OrderServiceImpl      : Updating order with ID: 6f9a651a-3c96-48d0-8c1c-3f4fbba513a6
2025-06-03T16:45:20.389+05:30 DEBUG 8264 --- [orderservice] [http-nio-8080-exec-9] c.e.o.service.impl.OrderServiceImpl      : Order updated: 6f9a651a-3c96-48d0-8c1c-3f4fbba513a6
2025-06-03T16:45:29.108+05:30  INFO 8264 --- [orderservice] [http-nio-8080-exec-10] c.e.o.controller.OrderController         : Received request to get all orders
2025-06-03T16:45:29.110+05:30  INFO 8264 --- [orderservice] [http-nio-8080-exec-10] c.e.o.service.impl.OrderServiceImpl      : Fetching all orders
2025-06-03T16:45:33.344+05:30  INFO 8264 --- [orderservice] [http-nio-8080-exec-2] c.e.o.controller.OrderController         : Received request to get order with ID: 6f9a651a-3c96-48d0-8c1c-3f4fbba513a6
2025-06-03T16:45:33.346+05:30  INFO 8264 --- [orderservice] [http-nio-8080-exec-2] c.e.o.service.impl.OrderServiceImpl      : Fetching order with ID: 6f9a651a-3c96-48d0-8c1c-3f4fbba513a6
2025-06-03T16:45:44.343+05:30  INFO 8264 --- [orderservice] [http-nio-8080-exec-1] c.e.o.controller.OrderController         : Received request to get all orders
2025-06-03T16:45:44.345+05:30  INFO 8264 --- [orderservice] [http-nio-8080-exec-1] c.e.o.service.impl.OrderServiceImpl      : Fetching all orders
2025-06-03T16:45:56.421+05:30  INFO 8264 --- [orderservice] [http-nio-8080-exec-3] c.e.o.controller.OrderController         : Received request to delete order with ID: 21072b2c-43c0-44d3-8d3c-62d1bd983659
2025-06-03T16:45:56.423+05:30  INFO 8264 --- [orderservice] [http-nio-8080-exec-3] c.e.o.service.impl.OrderServiceImpl      : Deleting order with ID: 21072b2c-43c0-44d3-8d3c-62d1bd983659
2025-06-03T16:45:56.819+05:30 DEBUG 8264 --- [orderservice] [http-nio-8080-exec-3] c.e.o.service.impl.OrderServiceImpl      : Order deleted with ID: 21072b2c-43c0-44d3-8d3c-62d1bd983659
2025-06-03T16:46:13.907+05:30  INFO 8264 --- [orderservice] [http-nio-8080-exec-4] c.e.o.controller.OrderController         : Received request to get order with ID: 21072b2c-43c0-44d3-8d3c-62d1bd983659
2025-06-03T16:46:13.908+05:30  INFO 8264 --- [orderservice] [http-nio-8080-exec-4] c.e.o.service.impl.OrderServiceImpl      : Fetching order with ID: 21072b2c-43c0-44d3-8d3c-62d1bd983659
2025-06-03T16:46:13.924+05:30  WARN 8264 --- [orderservice] [http-nio-8080-exec-4] .m.m.a.ExceptionHandlerExceptionResolver : Resolved [com.ecommerce.orderservice.exception.ResourceNotFoundException: Resource not found]
2025-06-03T16:47:23.403+05:30  WARN 8264 --- [orderservice] [http-nio-8080-exec-6] .m.m.a.ExceptionHandlerExceptionResolver : Resolved [org.springframework.web.HttpRequestMethodNotSupportedException: Request method 'PATCH' is not supported]
2025-06-03T16:47:35.349+05:30  INFO 8264 --- [orderservice] [http-nio-8080-exec-7] c.e.o.controller.OrderController         : Received request to cancel order with ID: 01d119a0-b9a3-4228-8588-421651ce15a2
2025-06-03T16:47:35.349+05:30  INFO 8264 --- [orderservice] [http-nio-8080-exec-7] c.e.o.service.impl.OrderServiceImpl      : Cancelling order with ID: 01d119a0-b9a3-4228-8588-421651ce15a2
2025-06-03T16:47:35.357+05:30 DEBUG 8264 --- [orderservice] [http-nio-8080-exec-7] c.e.o.service.impl.OrderServiceImpl      : Order cancelled: 01d119a0-b9a3-4228-8588-421651ce15a2
2025-06-03T16:47:50.849+05:30  INFO 8264 --- [orderservice] [http-nio-8080-exec-8] c.e.o.controller.OrderController         : Received request to get order with ID: 01d119a0-b9a3-4228-8588-421651ce15a2
2025-06-03T16:47:50.851+05:30  INFO 8264 --- [orderservice] [http-nio-8080-exec-8] c.e.o.service.impl.OrderServiceImpl      : Fetching order with ID: 01d119a0-b9a3-4228-8588-421651ce15a2
2025-06-03T16:48:42.571+05:30  INFO 8264 --- [orderservice] [http-nio-8080-exec-9] c.e.o.controller.OrderController         : Received request to create order for customer: null
2025-06-03T16:48:42.572+05:30  INFO 8264 --- [orderservice] [http-nio-8080-exec-9] c.e.o.service.impl.OrderServiceImpl      : Creating a new order for customer: null
2025-06-03T16:48:44.582+05:30  INFO 8264 --- [orderservice] [http-nio-8080-exec-9] c.e.o.service.impl.OrderServiceImpl      : Creating a new order for customer: null
2025-06-03T16:48:46.596+05:30  INFO 8264 --- [orderservice] [http-nio-8080-exec-9] c.e.o.service.impl.OrderServiceImpl      : Creating a new order for customer: null
2025-06-03T16:48:46.600+05:30  WARN 8264 --- [orderservice] [http-nio-8080-exec-9] .m.m.a.ExceptionHandlerExceptionResolver : Resolved [org.springframework.dao.DataIntegrityViolationException: not-null property references a null or transient value: com.ecommerce.orderservice.entity.Order.customerIdentifier]
2025-06-03T16:48:57.034+05:30  WARN 8264 --- [orderservice] [http-nio-8080-exec-10] .m.m.a.ExceptionHandlerExceptionResolver : Resolved [org.springframework.http.converter.HttpMessageNotReadableException: JSON parse error: Unexpected character ('}' (code 125)): was expecting double-quote to start field name]
2025-06-03T16:49:01.625+05:30  INFO 8264 --- [orderservice] [http-nio-8080-exec-3] c.e.o.controller.OrderController         : Received request to create order for customer: 123e4567-e89b-12d3-a456-42661417400a
2025-06-03T16:49:01.628+05:30  INFO 8264 --- [orderservice] [http-nio-8080-exec-3] c.e.o.service.impl.OrderServiceImpl      : Creating a new order for customer: 123e4567-e89b-12d3-a456-42661417400a
2025-06-03T16:49:03.633+05:30  INFO 8264 --- [orderservice] [http-nio-8080-exec-3] c.e.o.service.impl.OrderServiceImpl      : Creating a new order for customer: 123e4567-e89b-12d3-a456-42661417400a
2025-06-03T16:49:05.642+05:30  INFO 8264 --- [orderservice] [http-nio-8080-exec-3] c.e.o.service.impl.OrderServiceImpl      : Creating a new order for customer: 123e4567-e89b-12d3-a456-42661417400a
2025-06-03T16:49:05.644+05:30  WARN 8264 --- [orderservice] [http-nio-8080-exec-3] .m.m.a.ExceptionHandlerExceptionResolver : Resolved [java.lang.NullPointerException: Cannot invoke "java.util.List.stream()" because "orderItems" is null]
2025-06-03T16:49:17.364+05:30  INFO 8264 --- [orderservice] [http-nio-8080-exec-5] c.e.o.controller.OrderController         : Received request to create order for customer: 123e4567-e89b-12d3-a456-42661417400a
2025-06-03T16:49:17.365+05:30  INFO 8264 --- [orderservice] [http-nio-8080-exec-5] c.e.o.service.impl.OrderServiceImpl      : Creating a new order for customer: 123e4567-e89b-12d3-a456-42661417400a
2025-06-03T16:49:17.366+05:30 DEBUG 8264 --- [orderservice] [http-nio-8080-exec-5] c.e.o.service.impl.OrderServiceImpl      : Order saved: 6c37d278-b1c8-4236-874e-6b4ad7c0ef8b
2025-06-03T16:49:28.875+05:30  INFO 8264 --- [orderservice] [http-nio-8080-exec-6] c.e.o.controller.OrderController         : Received request to get order with ID: 01d119a0-b9a3-4228-8588-421651ce15a5
2025-06-03T16:49:28.876+05:30  INFO 8264 --- [orderservice] [http-nio-8080-exec-6] c.e.o.service.impl.OrderServiceImpl      : Fetching order with ID: 01d119a0-b9a3-4228-8588-421651ce15a5
2025-06-03T16:49:28.880+05:30  WARN 8264 --- [orderservice] [http-nio-8080-exec-6] .m.m.a.ExceptionHandlerExceptionResolver : Resolved [com.ecommerce.orderservice.exception.ResourceNotFoundException: Resource not found]
2025-06-03T16:49:38.046+05:30  INFO 8264 --- [orderservice] [http-nio-8080-exec-8] c.e.o.controller.OrderController         : Received request to get orders for customer ID: 123e4567-e89b-12d3-a456-426614174003
2025-06-03T16:49:38.047+05:30  INFO 8264 --- [orderservice] [http-nio-8080-exec-8] c.e.o.service.impl.OrderServiceImpl      : Fetching orders for customer ID: 123e4567-e89b-12d3-a456-426614174003
2025-06-03T16:50:06.850+05:30  INFO 8264 --- [orderservice] [http-nio-8080-exec-9] c.e.o.controller.OrderController         : Received request to delete order with ID: 21072b2c-43c0-44d3-8d3c-62d1bd983650
2025-06-03T16:50:06.851+05:30  INFO 8264 --- [orderservice] [http-nio-8080-exec-9] c.e.o.service.impl.OrderServiceImpl      : Deleting order with ID: 21072b2c-43c0-44d3-8d3c-62d1bd983650
2025-06-03T16:50:06.856+05:30 ERROR 8264 --- [orderservice] [http-nio-8080-exec-9] c.e.o.service.impl.OrderServiceImpl      : Order not found with ID: 21072b2c-43c0-44d3-8d3c-62d1bd983650
2025-06-03T16:50:08.868+05:30  INFO 8264 --- [orderservice] [http-nio-8080-exec-9] c.e.o.service.impl.OrderServiceImpl      : Deleting order with ID: 21072b2c-43c0-44d3-8d3c-62d1bd983650
2025-06-03T16:50:08.871+05:30 ERROR 8264 --- [orderservice] [http-nio-8080-exec-9] c.e.o.service.impl.OrderServiceImpl      : Order not found with ID: 21072b2c-43c0-44d3-8d3c-62d1bd983650
2025-06-03T16:50:10.873+05:30  INFO 8264 --- [orderservice] [http-nio-8080-exec-9] c.e.o.service.impl.OrderServiceImpl      : Deleting order with ID: 21072b2c-43c0-44d3-8d3c-62d1bd983650
2025-06-03T16:50:10.875+05:30 ERROR 8264 --- [orderservice] [http-nio-8080-exec-9] c.e.o.service.impl.OrderServiceImpl      : Order not found with ID: 21072b2c-43c0-44d3-8d3c-62d1bd983650
2025-06-03T16:50:10.877+05:30  WARN 8264 --- [orderservice] [http-nio-8080-exec-9] .m.m.a.ExceptionHandlerExceptionResolver : Resolved [com.ecommerce.orderservice.exception.ResourceNotFoundException: Resource not found]
2025-06-03T16:50:32.853+05:30  INFO 8264 --- [orderservice] [http-nio-8080-exec-10] c.e.o.controller.OrderController         : Received request to cancel order with ID: 01d119a0-b9a3-4228-8588-421651ce15a2
2025-06-03T16:50:32.853+05:30  INFO 8264 --- [orderservice] [http-nio-8080-exec-10] c.e.o.service.impl.OrderServiceImpl      : Cancelling order with ID: 01d119a0-b9a3-4228-8588-421651ce15a2
2025-06-03T16:50:32.857+05:30  WARN 8264 --- [orderservice] [http-nio-8080-exec-10] c.e.o.service.impl.OrderServiceImpl      : Cannot cancel order 01d119a0-b9a3-4228-8588-421651ce15a2 with status CANCELLED
2025-06-03T16:50:32.859+05:30  WARN 8264 --- [orderservice] [http-nio-8080-exec-10] .m.m.a.ExceptionHandlerExceptionResolver : Resolved [com.ecommerce.orderservice.exception.InvalidOrderStatusException: The order cannot be cancelled because it has already been shipped or completed!]
2025-06-03T16:50:39.395+05:30  INFO 8264 --- [orderservice] [SpringApplicationShutdownHook] o.s.b.w.e.tomcat.GracefulShutdown        : Commencing graceful shutdown. Waiting for active requests to complete
2025-06-03T16:50:39.400+05:30  INFO 8264 --- [orderservice] [tomcat-shutdown] o.s.b.w.e.tomcat.GracefulShutdown        : Graceful shutdown complete
2025-06-03T16:50:39.403+05:30  INFO 8264 --- [orderservice] [SpringApplicationShutdownHook] j.LocalContainerEntityManagerFactoryBean : Closing JPA EntityManagerFactory for persistence unit 'default'
2025-06-03T16:50:39.407+05:30  INFO 8264 --- [orderservice] [SpringApplicationShutdownHook] com.zaxxer.hikari.HikariDataSource       : HikariPool-1 - Shutdown initiated...
2025-06-03T16:50:39.411+05:30  INFO 8264 --- [orderservice] [SpringApplicationShutdownHook] com.zaxxer.hikari.HikariDataSource       : HikariPool-1 - Shutdown completed.
